[debug] [2024-12-06T15:52:50.345Z] ----------------------------------------------------------------------
[debug] [2024-12-06T15:52:50.347Z] Command:       /Users/ingmar/.local/bin/firebase /Users/ingmar/.cache/firebase/tools/lib/node_modules/firebase-tools/lib/bin/firebase emulators:start --project task-effort-apach
[debug] [2024-12-06T15:52:50.347Z] CLI Version:   13.28.0
[debug] [2024-12-06T15:52:50.347Z] Platform:      darwin
[debug] [2024-12-06T15:52:50.348Z] Node Version:  v18.5.0
[debug] [2024-12-06T15:52:50.356Z] Time:          Fri Dec 06 2024 16:52:50 GMT+0100 (GMT+01:00)
[debug] [2024-12-06T15:52:50.356Z] ----------------------------------------------------------------------
[debug] 
[debug] [2024-12-06T15:52:50.531Z] > command requires scopes: ["email","openid","https://www.googleapis.com/auth/cloudplatformprojects.readonly","https://www.googleapis.com/auth/firebase","https://www.googleapis.com/auth/cloud-platform"]
[debug] [2024-12-06T15:52:50.532Z] > authorizing via signed-in user (leonxxl18@gmail.com)
[debug] [2024-12-06T15:52:51.004Z] java version "21.0.2" 2024-01-16 LTS

[debug] [2024-12-06T15:52:51.007Z] Java(TM) SE Runtime Environment (build 21.0.2+13-LTS-58)
Java HotSpot(TM) 64-Bit Server VM (build 21.0.2+13-LTS-58, mixed mode, sharing)

[debug] [2024-12-06T15:52:51.015Z] Parsed Java major version: 21
[info] i  emulators: Starting emulators: firestore, database, hosting, dataconnect {"metadata":{"emulator":{"name":"hub"},"message":"Starting emulators: firestore, database, hosting, dataconnect"}}
[debug] [2024-12-06T15:52:52.706Z] [logging] Logging Emulator only supports listening on one address (127.0.0.1). Not listening on ::1
[debug] [2024-12-06T15:52:52.708Z] [firestore] Firestore Emulator only supports listening on one address (127.0.0.1). Not listening on ::1
[debug] [2024-12-06T15:52:52.709Z] [firestore.websocket] websocket server for firestore only supports listening on one address (127.0.0.1). Not listening on ::1
[debug] [2024-12-06T15:52:52.709Z] [database] Database Emulator only supports listening on one address (127.0.0.1). Not listening on ::1
[debug] [2024-12-06T15:52:52.709Z] [dataconnect.postgres] postgres server for dataconnect only supports listening on one address (127.0.0.1). Not listening on ::1
[warn] ⚠  hosting: Hosting Emulator unable to start on port 5000, starting on 5002 instead. {"metadata":{"emulator":{"name":"hosting"},"message":"Hosting Emulator unable to start on port 5000, starting on 5002 instead."}}
[debug] [2024-12-06T15:52:52.711Z] [hosting] Hosting Emulator only supports listening on one address (127.0.0.1). Not listening on ::1
[debug] [2024-12-06T15:52:52.711Z] assigned listening specs for emulators {"user":{"hub":[{"address":"127.0.0.1","family":"IPv4","port":4400},{"address":"::1","family":"IPv6","port":4400}],"ui":[{"address":"127.0.0.1","family":"IPv4","port":4000},{"address":"::1","family":"IPv6","port":4000}],"logging":[{"address":"127.0.0.1","family":"IPv4","port":4500}],"firestore":[{"address":"127.0.0.1","family":"IPv4","port":8080}],"firestore.websocket":[{"address":"127.0.0.1","family":"IPv4","port":9150}],"database":[{"address":"127.0.0.1","family":"IPv4","port":9000}],"dataconnect":[{"address":"127.0.0.1","family":"IPv4","port":9399},{"address":"::1","family":"IPv6","port":9399}],"dataconnect.postgres":[{"address":"127.0.0.1","family":"IPv4","port":5432}],"hosting":[{"address":"127.0.0.1","family":"IPv4","port":5002}]},"metadata":{"message":"assigned listening specs for emulators"}}
[debug] [2024-12-06T15:52:52.721Z] [hub] writing locator at /var/folders/2l/9s884nk50jl55x2v1ysl6k1w0000gp/T/hub-task-effort-apach.json
[info] i  firestore: downloading cloud-firestore-emulator-v1.19.8.jar... {"metadata":{"emulator":{"name":"firestore"},"message":"downloading cloud-firestore-emulator-v1.19.8.jar..."}}
[debug] [2024-12-06T15:52:52.734Z] >>> [apiv2][query] GET https://storage.googleapis.com/firebase-preview-drop/emulator/cloud-firestore-emulator-v1.19.8.jar 
[debug] [2024-12-06T15:52:53.116Z] <<< [apiv2][status] GET https://storage.googleapis.com/firebase-preview-drop/emulator/cloud-firestore-emulator-v1.19.8.jar 200
[debug] [2024-12-06T15:52:53.118Z] <<< [apiv2][body] GET https://storage.googleapis.com/firebase-preview-drop/emulator/cloud-firestore-emulator-v1.19.8.jar [stream]
[debug] [2024-12-06T15:53:06.611Z] Ignoring unsupported arg: auto_download {"metadata":{"emulator":{"name":"firestore"},"message":"Ignoring unsupported arg: auto_download"}}
[debug] [2024-12-06T15:53:06.615Z] Ignoring unsupported arg: single_project_mode_error {"metadata":{"emulator":{"name":"firestore"},"message":"Ignoring unsupported arg: single_project_mode_error"}}
[debug] [2024-12-06T15:53:06.615Z] Starting Firestore Emulator with command {"binary":"java","args":["-Dgoogle.cloud_firestore.debug_log_level=FINE","-Duser.language=en","-jar","/Users/ingmar/.cache/firebase/emulators/cloud-firestore-emulator-v1.19.8.jar","--host","127.0.0.1","--port",8080,"--websocket_port",9150,"--project_id","task-effort-apach","--rules","/Users/ingmar/task-effort/firestore.rules","--single_project_mode",true],"optionalArgs":["port","webchannel_port","host","rules","websocket_port","functions_emulator","seed_from_export","project_id","single_project_mode"],"joinArgs":false,"shell":false,"port":8080} {"metadata":{"emulator":{"name":"firestore"},"message":"Starting Firestore Emulator with command {\"binary\":\"java\",\"args\":[\"-Dgoogle.cloud_firestore.debug_log_level=FINE\",\"-Duser.language=en\",\"-jar\",\"/Users/ingmar/.cache/firebase/emulators/cloud-firestore-emulator-v1.19.8.jar\",\"--host\",\"127.0.0.1\",\"--port\",8080,\"--websocket_port\",9150,\"--project_id\",\"task-effort-apach\",\"--rules\",\"/Users/ingmar/task-effort/firestore.rules\",\"--single_project_mode\",true],\"optionalArgs\":[\"port\",\"webchannel_port\",\"host\",\"rules\",\"websocket_port\",\"functions_emulator\",\"seed_from_export\",\"project_id\",\"single_project_mode\"],\"joinArgs\":false,\"shell\":false,\"port\":8080}"}}
[info] i  firestore: Firestore Emulator logging to firestore-debug.log {"metadata":{"emulator":{"name":"firestore"},"message":"Firestore Emulator logging to \u001b[1mfirestore-debug.log\u001b[22m"}}
[debug] [2024-12-06T15:53:07.351Z] Dec 06, 2024 4:53:07 PM com.google.cloud.datastore.emulator.firestore.websocket.WebSocketServer start
INFO: Started WebSocket server on ws://127.0.0.1:9150
 {"metadata":{"emulator":{"name":"firestore"},"message":"Dec 06, 2024 4:53:07 PM com.google.cloud.datastore.emulator.firestore.websocket.WebSocketServer start\nINFO: Started WebSocket server on ws://127.0.0.1:9150\n"}}
[debug] [2024-12-06T15:53:07.362Z] API endpoint: http://127.0.0.1:8080
 {"metadata":{"emulator":{"name":"firestore"},"message":"API endpoint: http://127.0.0.1:8080\n"}}
[debug] [2024-12-06T15:53:07.362Z] If you are using a library that supports the FIRESTORE_EMULATOR_HOST environment variable, run:

   export FIRESTORE_EMULATOR_HOST=127.0.0.1:8080

If you are running a Firestore in Datastore Mode project, run:

   export DATASTORE_EMULATOR_HOST=127.0.0.1:8080

Note: Support for Datastore Mode is in preview. If you encounter any bugs please file at https://github.com/firebase/firebase-tools/issues.
Dev App Server is now running.

 {"metadata":{"emulator":{"name":"firestore"},"message":"If you are using a library that supports the FIRESTORE_EMULATOR_HOST environment variable, run:\n\n   export FIRESTORE_EMULATOR_HOST=127.0.0.1:8080\n\nIf you are running a Firestore in Datastore Mode project, run:\n\n   export DATASTORE_EMULATOR_HOST=127.0.0.1:8080\n\nNote: Support for Datastore Mode is in preview. If you encounter any bugs please file at https://github.com/firebase/firebase-tools/issues.\nDev App Server is now running.\n\n"}}
[info] ✔  firestore: Firestore Emulator UI websocket is running on 9150. {"metadata":{"emulator":{"name":"firestore"},"message":"Firestore Emulator UI websocket is running on 9150."}}
[debug] [2024-12-06T15:53:07.484Z] Checked if tokens are valid: true, expires at: 1733503775771
[debug] [2024-12-06T15:53:07.485Z] Checked if tokens are valid: true, expires at: 1733503775771
[debug] [2024-12-06T15:53:07.486Z] >>> [apiv2][query] GET https://firebase.googleapis.com/v1beta1/projects/task-effort-apach [none]
[debug] [2024-12-06T15:53:08.075Z] <<< [apiv2][status] GET https://firebase.googleapis.com/v1beta1/projects/task-effort-apach 200
[debug] [2024-12-06T15:53:08.086Z] <<< [apiv2][body] GET https://firebase.googleapis.com/v1beta1/projects/task-effort-apach {"projectId":"task-effort-apach","projectNumber":"1045021814121","displayName":"task-effort-apach","name":"projects/task-effort-apach","resources":{"hostingSite":"task-effort-apach","realtimeDatabaseInstance":"task-effort-apach-default-rtdb"},"state":"ACTIVE","etag":"1_35fb2c8f-4692-4e32-91d5-8f629af06ea3"}
[debug] [2024-12-06T15:53:08.087Z] database rules config:  [{"instance":"task-effort-apach-default-rtdb","rules":"/Users/ingmar/task-effort/database.rules.json"}]
[info] i  database: downloading firebase-database-emulator-v4.11.2.jar... {"metadata":{"emulator":{"name":"database"},"message":"downloading firebase-database-emulator-v4.11.2.jar..."}}
[debug] [2024-12-06T15:53:08.095Z] >>> [apiv2][query] GET https://storage.googleapis.com/firebase-preview-drop/emulator/firebase-database-emulator-v4.11.2.jar 
[debug] [2024-12-06T15:53:08.355Z] <<< [apiv2][status] GET https://storage.googleapis.com/firebase-preview-drop/emulator/firebase-database-emulator-v4.11.2.jar 200
[debug] [2024-12-06T15:53:08.355Z] <<< [apiv2][body] GET https://storage.googleapis.com/firebase-preview-drop/emulator/firebase-database-emulator-v4.11.2.jar [stream]
[debug] [2024-12-06T15:53:14.647Z] Ignoring unsupported arg: projectId {"metadata":{"emulator":{"name":"database"},"message":"Ignoring unsupported arg: projectId"}}
[debug] [2024-12-06T15:53:14.651Z] Ignoring unsupported arg: auto_download {"metadata":{"emulator":{"name":"database"},"message":"Ignoring unsupported arg: auto_download"}}
[debug] [2024-12-06T15:53:14.651Z] Ignoring unsupported arg: rules {"metadata":{"emulator":{"name":"database"},"message":"Ignoring unsupported arg: rules"}}
[debug] [2024-12-06T15:53:14.651Z] Starting Database Emulator with command {"binary":"java","args":["-Duser.language=en","-jar","/Users/ingmar/.cache/firebase/emulators/firebase-database-emulator-v4.11.2.jar","--host","127.0.0.1","--port",9000,"--single_project_mode","Warning"],"optionalArgs":["port","host","functions_emulator_port","functions_emulator_host","single_project_mode"],"joinArgs":false,"shell":false,"port":9000} {"metadata":{"emulator":{"name":"database"},"message":"Starting Database Emulator with command {\"binary\":\"java\",\"args\":[\"-Duser.language=en\",\"-jar\",\"/Users/ingmar/.cache/firebase/emulators/firebase-database-emulator-v4.11.2.jar\",\"--host\",\"127.0.0.1\",\"--port\",9000,\"--single_project_mode\",\"Warning\"],\"optionalArgs\":[\"port\",\"host\",\"functions_emulator_port\",\"functions_emulator_host\",\"single_project_mode\"],\"joinArgs\":false,\"shell\":false,\"port\":9000}"}}
[info] i  database: Database Emulator logging to database-debug.log {"metadata":{"emulator":{"name":"database"},"message":"Database Emulator logging to \u001b[1mdatabase-debug.log\u001b[22m"}}
[debug] [2024-12-06T15:53:15.256Z] 16:53:15.255 [NamespaceSystem-akka.actor.default-dispatcher-5] INFO akka.event.slf4j.Slf4jLogger - Slf4jLogger started
 {"metadata":{"emulator":{"name":"database"},"message":"16:53:15.255 [NamespaceSystem-akka.actor.default-dispatcher-5] INFO akka.event.slf4j.Slf4jLogger - Slf4jLogger started\n"}}
[debug] [2024-12-06T15:53:15.330Z] 16:53:15.330 [main] INFO com.firebase.server.forge.App$ - Listening at 127.0.0.1:9000
 {"metadata":{"emulator":{"name":"database"},"message":"16:53:15.330 [main] INFO com.firebase.server.forge.App$ - Listening at 127.0.0.1:9000\n"}}
[debug] [2024-12-06T15:53:15.848Z] I1206 16:53:15.834915   89579 control.go:45] [engine.Service /emulator/task-effort 8dbb] UpdateSchema(): done sources: schema/schema.gql [1384B] 
I1206 16:53:15.844676   89579 control.go:73] [engine.Service /emulator/task-effort 8dbb] UpdateConnector(default): done sources: connector/mutations.gql [1163B] connector/queries.gql [1855B] 
 {"metadata":{"emulator":{"name":"dataconnect"},"message":"I1206 16:53:15.834915   89579 control.go:45] [engine.Service /emulator/task-effort 8dbb] UpdateSchema(): done sources: schema/schema.gql [1384B] \nI1206 16:53:15.844676   89579 control.go:73] [engine.Service /emulator/task-effort 8dbb] UpdateConnector(default): done sources: connector/mutations.gql [1163B] connector/queries.gql [1855B] \n"}}
[debug] [2024-12-06T15:53:15.849Z] Ignoring unsupported arg: auto_download {"metadata":{"emulator":{"name":"dataconnect"},"message":"Ignoring unsupported arg: auto_download"}}
[debug] [2024-12-06T15:53:15.850Z] Ignoring unsupported arg: port {"metadata":{"emulator":{"name":"dataconnect"},"message":"Ignoring unsupported arg: port"}}
[debug] [2024-12-06T15:53:15.850Z] Starting Data Connect Emulator with command {"binary":"/Users/ingmar/.cache/firebase/emulators/dataconnect-emulator-1.7.4","args":["--logtostderr","-v=2","dev","--listen=127.0.0.1:9399,[::1]:9399","--config_dir=/Users/ingmar/task-effort/dataconnect","--enable_output_schema_extensions=true","--enable_output_generated_sdk=true"],"optionalArgs":["listen","config_dir","enable_output_schema_extensions","enable_output_generated_sdk"],"joinArgs":true,"shell":false,"port":9399} {"metadata":{"emulator":{"name":"dataconnect"},"message":"Starting Data Connect Emulator with command {\"binary\":\"/Users/ingmar/.cache/firebase/emulators/dataconnect-emulator-1.7.4\",\"args\":[\"--logtostderr\",\"-v=2\",\"dev\",\"--listen=127.0.0.1:9399,[::1]:9399\",\"--config_dir=/Users/ingmar/task-effort/dataconnect\",\"--enable_output_schema_extensions=true\",\"--enable_output_generated_sdk=true\"],\"optionalArgs\":[\"listen\",\"config_dir\",\"enable_output_schema_extensions\",\"enable_output_generated_sdk\"],\"joinArgs\":true,\"shell\":false,\"port\":9399}"}}
[info] i  dataconnect: Data Connect Emulator logging to dataconnect-debug.log {"metadata":{"emulator":{"name":"dataconnect"},"message":"Data Connect Emulator logging to \u001b[1mdataconnect-debug.log\u001b[22m"}}
[info] i  dataconnect: Started up Postgres server, listening on {"address":"127.0.0.1","family":"IPv4","port":5432} {"metadata":{"emulator":{"name":"dataconnect"},"message":"Started up Postgres server, listening on {\"address\":\"127.0.0.1\",\"family\":\"IPv4\",\"port\":5432}"}}
[debug] [2024-12-06T15:53:15.903Z] [Data Connect] Connecting to postgres://127.0.0.1:5432/fdcdb?sslmode=disable}...
[debug] [2024-12-06T15:53:15.906Z] >>> [apiv2][query] POST http://127.0.0.1:9399/emulator/configure [none]
[debug] [2024-12-06T15:53:15.906Z] >>> [apiv2][body] POST http://127.0.0.1:9399/emulator/configure {"connectionString":"postgres://127.0.0.1:5432/fdcdb?sslmode=disable","database":"fdcdb","serviceId":"task-effort","maxOpenConnections":1}
[debug] [2024-12-06T15:53:15.911Z] *** [apiv2] error from fetch(http://127.0.0.1:9399/emulator/configure, {"headers":{},"method":"POST","body":"{\"connectionString\":\"postgres://127.0.0.1:5432/fdcdb?sslmode=disable\",\"database\":\"fdcdb\",\"serviceId\":\"task-effort\",\"maxOpenConnections\":1}"}): FetchError: request to http://127.0.0.1:9399/emulator/configure failed, reason: connect ECONNREFUSED 127.0.0.1:9399
[debug] [2024-12-06T15:53:15.911Z] [Data Connect] Retrying connectToPostgress call (1 of 3 attempts): FirebaseError: Data Connect emulator: undefined
[debug] [2024-12-06T15:53:16.006Z] I1206 16:53:16.004700   89584 load.go:37] Reloading schema and connectors...
 {"metadata":{"emulator":{"name":"dataconnect"},"message":"I1206 16:53:16.004700   89584 load.go:37] Reloading schema and connectors...\n"}}
[debug] [2024-12-06T15:53:16.016Z] I1206 16:53:16.016888   89584 control.go:45] [engine.Service /emulator/task-effort fd46] UpdateSchema(): done sources: schema/schema.gql [1384B] 
 {"metadata":{"emulator":{"name":"dataconnect"},"message":"I1206 16:53:16.016888   89584 control.go:45] [engine.Service /emulator/task-effort fd46] UpdateSchema(): done sources: schema/schema.gql [1384B] \n"}}
[debug] [2024-12-06T15:53:16.023Z] I1206 16:53:16.023709   89584 control.go:73] [engine.Service /emulator/task-effort fd46] UpdateConnector(default): done sources: connector/queries.gql [1855B] connector/mutations.gql [1163B] 
 {"metadata":{"emulator":{"name":"dataconnect"},"message":"I1206 16:53:16.023709   89584 control.go:73] [engine.Service /emulator/task-effort fd46] UpdateConnector(default): done sources: connector/queries.gql [1855B] connector/mutations.gql [1163B] \n"}}
[debug] [2024-12-06T15:53:16.037Z] I1206 16:53:16.036972   89584 codegen.go:82] [connector "default" javascriptSdk] Generating sources into "/Users/ingmar/task-effort/dataconnect-generated/js/default-connector"
 {"metadata":{"emulator":{"name":"dataconnect"},"message":"I1206 16:53:16.036972   89584 codegen.go:82] [connector \"default\" javascriptSdk] Generating sources into \"/Users/ingmar/task-effort/dataconnect-generated/js/default-connector\"\n"}}
[debug] [2024-12-06T15:53:16.042Z] I1206 16:53:16.041948   89584 collector.go:107] schema extensions wrote into "/Users/ingmar/task-effort/dataconnect/.dataconnect/schema"
Generated sources: prelude.gql [65151B] 
 {"metadata":{"emulator":{"name":"dataconnect"},"message":"I1206 16:53:16.041948   89584 collector.go:107] schema extensions wrote into \"/Users/ingmar/task-effort/dataconnect/.dataconnect/schema\"\nGenerated sources: prelude.gql [65151B] \n"}}
[debug] [2024-12-06T15:53:16.042Z] I1206 16:53:16.042729   89584 collector.go:107] connector "default" javascriptSdk wrote into "/Users/ingmar/task-effort/dataconnect-generated/js/default-connector"
Generated sources: package.json [634B] index.d.ts [264B] esm/index.esm.js [184B] esm/package.json [17B] index.cjs.js [225B] 
 {"metadata":{"emulator":{"name":"dataconnect"},"message":"I1206 16:53:16.042729   89584 collector.go:107] connector \"default\" javascriptSdk wrote into \"/Users/ingmar/task-effort/dataconnect-generated/js/default-connector\"\nGenerated sources: package.json [634B] index.d.ts [264B] esm/index.esm.js [184B] esm/package.json [17B] index.cjs.js [225B] \n"}}
[debug] [2024-12-06T15:53:16.049Z] I1206 16:53:16.049749   89584 installsdk.go:76] Running command: /Users/ingmar/.cache/firebase/runtime/npm install file:dataconnect-generated/js/default-connector
 {"metadata":{"emulator":{"name":"dataconnect"},"message":"I1206 16:53:16.049749   89584 installsdk.go:76] Running command: /Users/ingmar/.cache/firebase/runtime/npm install file:dataconnect-generated/js/default-connector\n"}}
[debug] [2024-12-06T15:53:16.064Z] E1206 16:53:16.063767   89584 installsdk.go:78] Failed to install package: fork/exec /Users/ingmar/.cache/firebase/runtime/npm: exec format error
 {"metadata":{"emulator":{"name":"dataconnect"},"message":"E1206 16:53:16.063767   89584 installsdk.go:78] Failed to install package: fork/exec /Users/ingmar/.cache/firebase/runtime/npm: exec format error\n"}}
[debug] [2024-12-06T15:53:16.064Z] I1206 16:53:16.064091   89584 load.go:115] Finished reloading
 {"metadata":{"emulator":{"name":"dataconnect"},"message":"I1206 16:53:16.064091   89584 load.go:115] Finished reloading\n"}}
[debug] [2024-12-06T15:53:16.067Z] I1206 16:53:16.067377   89584 dev.go:95] Listening on address (HTTP + gRPC): 127.0.0.1:9399
 {"metadata":{"emulator":{"name":"dataconnect"},"message":"I1206 16:53:16.067377   89584 dev.go:95] Listening on address (HTTP + gRPC): 127.0.0.1:9399\n"}}
[debug] [2024-12-06T15:53:16.068Z] I1206 16:53:16.068400   89584 dev.go:95] Listening on address (HTTP + gRPC): [::1]:9399
 {"metadata":{"emulator":{"name":"dataconnect"},"message":"I1206 16:53:16.068400   89584 dev.go:95] Listening on address (HTTP + gRPC): [::1]:9399\n"}}
[debug] [2024-12-06T15:53:17.916Z] [Data Connect] Connecting to postgres://127.0.0.1:5432/fdcdb?sslmode=disable}...
[debug] [2024-12-06T15:53:17.917Z] >>> [apiv2][query] POST http://127.0.0.1:9399/emulator/configure [none]
[debug] [2024-12-06T15:53:17.917Z] >>> [apiv2][body] POST http://127.0.0.1:9399/emulator/configure {"connectionString":"postgres://127.0.0.1:5432/fdcdb?sslmode=disable","database":"fdcdb","serviceId":"task-effort","maxOpenConnections":1}
[debug] [2024-12-06T15:53:17.952Z] Frontend message 
[debug] [2024-12-06T15:53:17.955Z] Backend message AuthenticationResponse
[debug] [2024-12-06T15:53:17.957Z] Backend message ParameterStatus
[debug] [2024-12-06T15:53:17.958Z] Backend message ReadyForQuery
[debug] [2024-12-06T15:53:17.960Z] Frontend message Query
[debug] [2024-12-06T15:53:21.419Z] Backend message EmptyQuery
[debug] [2024-12-06T15:53:21.425Z] Backend message ReadyForQuery
[debug] [2024-12-06T15:53:21.444Z] Frontend message Query
[debug] [2024-12-06T15:53:21.459Z] Backend message RowDescriptionMessage
[debug] [2024-12-06T15:53:21.460Z] Backend message DataRow
[debug] [2024-12-06T15:53:21.461Z] Backend message CommandComplete
[debug] [2024-12-06T15:53:21.462Z] Backend message ReadyForQuery
[debug] [2024-12-06T15:53:21.465Z] Frontend message Parse
[debug] [2024-12-06T15:53:21.470Z] Backend message ParseComplete
[debug] [2024-12-06T15:53:21.470Z] Filtered out a ReadyForQuery.
[debug] [2024-12-06T15:53:21.470Z] Frontend message Describe
[debug] [2024-12-06T15:53:21.472Z] Backend message ParameterDescriptionMessage
[debug] [2024-12-06T15:53:21.474Z] Backend message RowDescriptionMessage
[debug] [2024-12-06T15:53:21.474Z] Filtered out a ReadyForQuery.
[debug] [2024-12-06T15:53:21.474Z] Frontend message Sync
[debug] [2024-12-06T15:53:21.476Z] Backend message ReadyForQuery
[debug] [2024-12-06T15:53:21.478Z] Frontend message Bind
[debug] [2024-12-06T15:53:21.481Z] Backend message BindComplete
[debug] [2024-12-06T15:53:21.481Z] Filtered out a ReadyForQuery.
[debug] [2024-12-06T15:53:21.481Z] Frontend message Execute
[debug] [2024-12-06T15:53:21.484Z] Backend message DataRow
[debug] [2024-12-06T15:53:21.485Z] Backend message CommandComplete
[debug] [2024-12-06T15:53:21.486Z] Filtered out a ReadyForQuery.
[debug] [2024-12-06T15:53:21.486Z] Frontend message Sync
[debug] [2024-12-06T15:53:21.487Z] Backend message ReadyForQuery
[debug] [2024-12-06T15:53:21.488Z] Frontend message Parse
[debug] [2024-12-06T15:53:21.489Z] Backend message ParseComplete
[debug] [2024-12-06T15:53:21.489Z] Filtered out a ReadyForQuery.
[debug] [2024-12-06T15:53:21.489Z] Frontend message Describe
[debug] [2024-12-06T15:53:21.490Z] Backend message ParameterDescriptionMessage
[debug] [2024-12-06T15:53:21.490Z] Backend message RowDescriptionMessage
[debug] [2024-12-06T15:53:21.491Z] Filtered out a ReadyForQuery.
[debug] [2024-12-06T15:53:21.491Z] Frontend message Sync
[debug] [2024-12-06T15:53:21.492Z] Backend message ReadyForQuery
[debug] [2024-12-06T15:53:21.492Z] Frontend message Bind
[debug] [2024-12-06T15:53:21.495Z] Backend message BindComplete
[debug] [2024-12-06T15:53:21.495Z] Filtered out a ReadyForQuery.
[debug] [2024-12-06T15:53:21.495Z] Frontend message Execute
[debug] [2024-12-06T15:53:21.496Z] Backend message CommandComplete
[debug] [2024-12-06T15:53:21.496Z] Filtered out a ReadyForQuery.
[debug] [2024-12-06T15:53:21.496Z] Frontend message Sync
[debug] [2024-12-06T15:53:21.496Z] Backend message ReadyForQuery
[debug] [2024-12-06T15:53:21.497Z] Frontend message Parse
[debug] [2024-12-06T15:53:21.499Z] Backend message ParseComplete
[debug] [2024-12-06T15:53:21.499Z] Filtered out a ReadyForQuery.
[debug] [2024-12-06T15:53:21.499Z] Frontend message Describe
[debug] [2024-12-06T15:53:21.499Z] Backend message ParameterDescriptionMessage
[debug] [2024-12-06T15:53:21.500Z] Backend message RowDescriptionMessage
[debug] [2024-12-06T15:53:21.500Z] Filtered out a ReadyForQuery.
[debug] [2024-12-06T15:53:21.500Z] Frontend message Sync
[debug] [2024-12-06T15:53:21.501Z] Backend message ReadyForQuery
[debug] [2024-12-06T15:53:21.502Z] Frontend message Bind
[debug] [2024-12-06T15:53:21.521Z] Backend message BindComplete
[debug] [2024-12-06T15:53:21.521Z] Filtered out a ReadyForQuery.
[debug] [2024-12-06T15:53:21.521Z] Frontend message Execute
[debug] [2024-12-06T15:53:21.524Z] Backend message CommandComplete
[debug] [2024-12-06T15:53:21.524Z] Filtered out a ReadyForQuery.
[debug] [2024-12-06T15:53:21.524Z] Frontend message Sync
[debug] [2024-12-06T15:53:21.525Z] Backend message ReadyForQuery
[debug] [2024-12-06T15:53:21.532Z] Frontend message Query
[debug] [2024-12-06T15:53:21.540Z] Backend message RowDescriptionMessage
[debug] [2024-12-06T15:53:21.540Z] Backend message DataRow
[debug] [2024-12-06T15:53:21.540Z] Backend message CommandComplete
[debug] [2024-12-06T15:53:21.540Z] Backend message ReadyForQuery
[debug] [2024-12-06T15:53:21.541Z] Frontend message Parse
[debug] [2024-12-06T15:53:21.544Z] Backend message ParseComplete
[debug] [2024-12-06T15:53:21.544Z] Filtered out a ReadyForQuery.
[debug] [2024-12-06T15:53:21.544Z] Frontend message Describe
[debug] [2024-12-06T15:53:21.544Z] Backend message ParameterDescriptionMessage
[debug] [2024-12-06T15:53:21.544Z] Backend message RowDescriptionMessage
[debug] [2024-12-06T15:53:21.544Z] Filtered out a ReadyForQuery.
[debug] [2024-12-06T15:53:21.544Z] Frontend message Sync
[debug] [2024-12-06T15:53:21.546Z] Backend message ReadyForQuery
[debug] [2024-12-06T15:53:21.547Z] Frontend message Bind
[debug] [2024-12-06T15:53:21.551Z] Backend message BindComplete
[debug] [2024-12-06T15:53:21.551Z] Filtered out a ReadyForQuery.
[debug] [2024-12-06T15:53:21.551Z] Frontend message Execute
[debug] [2024-12-06T15:53:21.553Z] Backend message DataRow
[debug] [2024-12-06T15:53:21.553Z] Backend message CommandComplete
[debug] [2024-12-06T15:53:21.553Z] Filtered out a ReadyForQuery.
[debug] [2024-12-06T15:53:21.553Z] Frontend message Sync
[debug] [2024-12-06T15:53:21.553Z] Backend message ReadyForQuery
[debug] [2024-12-06T15:53:21.554Z] Frontend message Parse
[debug] [2024-12-06T15:53:21.554Z] Backend message ParseComplete
[debug] [2024-12-06T15:53:21.554Z] Filtered out a ReadyForQuery.
[debug] [2024-12-06T15:53:21.555Z] Frontend message Describe
[debug] [2024-12-06T15:53:21.556Z] Backend message ParameterDescriptionMessage
[debug] [2024-12-06T15:53:21.557Z] Backend message RowDescriptionMessage
[debug] [2024-12-06T15:53:21.557Z] Filtered out a ReadyForQuery.
[debug] [2024-12-06T15:53:21.557Z] Frontend message Sync
[debug] [2024-12-06T15:53:21.557Z] Backend message ReadyForQuery
[debug] [2024-12-06T15:53:21.559Z] Frontend message Bind
[debug] [2024-12-06T15:53:21.563Z] Backend message BindComplete
[debug] [2024-12-06T15:53:21.563Z] Filtered out a ReadyForQuery.
[debug] [2024-12-06T15:53:21.564Z] Frontend message Execute
[debug] [2024-12-06T15:53:21.564Z] Backend message CommandComplete
[debug] [2024-12-06T15:53:21.564Z] Filtered out a ReadyForQuery.
[debug] [2024-12-06T15:53:21.564Z] Frontend message Sync
[debug] [2024-12-06T15:53:21.564Z] Backend message ReadyForQuery
[debug] [2024-12-06T15:53:21.565Z] Frontend message Parse
[debug] [2024-12-06T15:53:21.566Z] Backend message ParseComplete
[debug] [2024-12-06T15:53:21.566Z] Filtered out a ReadyForQuery.
[debug] [2024-12-06T15:53:21.566Z] Frontend message Describe
[debug] [2024-12-06T15:53:21.566Z] Backend message ParameterDescriptionMessage
[debug] [2024-12-06T15:53:21.566Z] Backend message RowDescriptionMessage
[debug] [2024-12-06T15:53:21.566Z] Filtered out a ReadyForQuery.
[debug] [2024-12-06T15:53:21.566Z] Frontend message Sync
[debug] [2024-12-06T15:53:21.566Z] Backend message ReadyForQuery
[debug] [2024-12-06T15:53:21.567Z] Frontend message Bind
[debug] [2024-12-06T15:53:21.584Z] Backend message BindComplete
[debug] [2024-12-06T15:53:21.584Z] Filtered out a ReadyForQuery.
[debug] [2024-12-06T15:53:21.585Z] Frontend message Execute
[debug] [2024-12-06T15:53:21.586Z] Backend message CommandComplete
[debug] [2024-12-06T15:53:21.586Z] Filtered out a ReadyForQuery.
[debug] [2024-12-06T15:53:21.586Z] Frontend message Sync
[debug] [2024-12-06T15:53:21.587Z] Backend message ReadyForQuery
[debug] [2024-12-06T15:53:21.587Z] Frontend message Query
[debug] [2024-12-06T15:53:21.589Z] Backend message RowDescriptionMessage
[debug] [2024-12-06T15:53:21.589Z] Backend message DataRow
[debug] [2024-12-06T15:53:21.589Z] Backend message CommandComplete
[debug] [2024-12-06T15:53:21.589Z] Backend message ReadyForQuery
[debug] [2024-12-06T15:53:21.590Z] I1206 16:53:21.589888   89584 control.go:45] [engine.Service /emulator/task-effort 89c2] UpdateSchema(): done sources: schema/schema.gql [1384B] 
 {"metadata":{"emulator":{"name":"dataconnect"},"message":"I1206 16:53:21.589888   89584 control.go:45] [engine.Service /emulator/task-effort 89c2] UpdateSchema(): done sources: schema/schema.gql [1384B] \n"}}
[debug] [2024-12-06T15:53:21.590Z] I1206 16:53:21.590190   89584 control.go:73] [engine.Service /emulator/task-effort 89c2] UpdateConnector(default): done sources: connector/mutations.gql [1163B] connector/queries.gql [1855B] 
 {"metadata":{"emulator":{"name":"dataconnect"},"message":"I1206 16:53:21.590190   89584 control.go:73] [engine.Service /emulator/task-effort 89c2] UpdateConnector(default): done sources: connector/mutations.gql [1163B] connector/queries.gql [1855B] \n"}}
[debug] [2024-12-06T15:53:21.606Z] <<< [apiv2][status] POST http://127.0.0.1:9399/emulator/configure 200
[debug] [2024-12-06T15:53:21.606Z] <<< [apiv2][body] POST http://127.0.0.1:9399/emulator/configure {}
[debug] [2024-12-06T15:53:21.606Z] [Data Connect] Successfully connected to postgres://127.0.0.1:5432/fdcdb?sslmode=disable}
[debug] [2024-12-06T15:53:21.618Z] Checked if tokens are valid: true, expires at: 1733503775771
[debug] [2024-12-06T15:53:21.619Z] Checked if tokens are valid: true, expires at: 1733503775771
[debug] [2024-12-06T15:53:21.619Z] >>> [apiv2][query] GET https://firebasehosting.googleapis.com/v1beta1/projects/task-effort-apach/sites 
[debug] [2024-12-06T15:53:22.695Z] <<< [apiv2][status] GET https://firebasehosting.googleapis.com/v1beta1/projects/task-effort-apach/sites 200
[debug] [2024-12-06T15:53:22.696Z] <<< [apiv2][body] GET https://firebasehosting.googleapis.com/v1beta1/projects/task-effort-apach/sites {"sites":[{"name":"projects/task-effort-apach/sites/task-effort-apach","defaultUrl":"https://task-effort-apach.web.app","appId":"1:1045021814121:web:76844e5263f4133be761f8","type":"DEFAULT_SITE"}]}
[debug] [2024-12-06T15:53:22.697Z] Checked if tokens are valid: true, expires at: 1733503775771
[debug] [2024-12-06T15:53:22.697Z] Checked if tokens are valid: true, expires at: 1733503775771
[debug] [2024-12-06T15:53:22.697Z] >>> [apiv2][query] GET https://firebase.googleapis.com/v1beta1/projects/task-effort-apach/webApps/1:1045021814121:web:76844e5263f4133be761f8/config [none]
[debug] [2024-12-06T15:53:23.384Z] <<< [apiv2][status] GET https://firebase.googleapis.com/v1beta1/projects/task-effort-apach/webApps/1:1045021814121:web:76844e5263f4133be761f8/config 200
[debug] [2024-12-06T15:53:23.384Z] <<< [apiv2][body] GET https://firebase.googleapis.com/v1beta1/projects/task-effort-apach/webApps/1:1045021814121:web:76844e5263f4133be761f8/config {"projectId":"task-effort-apach","appId":"1:1045021814121:web:76844e5263f4133be761f8","databaseURL":"https://task-effort-apach-default-rtdb.europe-west1.firebasedatabase.app","storageBucket":"task-effort-apach.firebasestorage.app","apiKey":"AIzaSyCaHvvZ0ijOpWx8BwKDOdZiTbq20HQIeUc","authDomain":"task-effort-apach.firebaseapp.com","messagingSenderId":"1045021814121"}
[debug] [2024-12-06T15:53:23.414Z] Checked if tokens are valid: true, expires at: 1733503775771
[debug] [2024-12-06T15:53:23.414Z] Checked if tokens are valid: true, expires at: 1733503775771
[debug] [2024-12-06T15:53:23.415Z] >>> [apiv2][query] GET https://firebase.googleapis.com/v1beta1/projects/task-effort-apach [none]
[debug] [2024-12-06T15:53:23.736Z] <<< [apiv2][status] GET https://firebase.googleapis.com/v1beta1/projects/task-effort-apach 200
[debug] [2024-12-06T15:53:23.736Z] <<< [apiv2][body] GET https://firebase.googleapis.com/v1beta1/projects/task-effort-apach {"projectId":"task-effort-apach","projectNumber":"1045021814121","displayName":"task-effort-apach","name":"projects/task-effort-apach","resources":{"hostingSite":"task-effort-apach","realtimeDatabaseInstance":"task-effort-apach-default-rtdb"},"state":"ACTIVE","etag":"1_35fb2c8f-4692-4e32-91d5-8f629af06ea3"}
[debug] [2024-12-06T15:53:23.739Z] Specified "public" directory "build" does not exist; Deploy to Hosting site "task-effort-apach" may fail or be empty.
[info] i  hosting[task-effort-apach]: Serving hosting files from: build {"metadata":{"emulator":{"name":"hosting"},"message":"Serving hosting files from: \u001b[1mbuild\u001b[22m"}}
[info] ✔  hosting[task-effort-apach]: Local server: http://127.0.0.1:5002 {"metadata":{"emulator":{"name":"hosting"},"message":"Local server: \u001b[4m\u001b[1mhttp://127.0.0.1:5002\u001b[22m\u001b[24m"}}
[info] i  ui: downloading ui-v1.14.0.zip... {"metadata":{"emulator":{"name":"ui"},"message":"downloading ui-v1.14.0.zip..."}}
[debug] [2024-12-06T15:53:23.949Z] >>> [apiv2][query] GET https://storage.googleapis.com/firebase-preview-drop/emulator/ui-v1.14.0.zip 
[debug] [2024-12-06T15:53:24.026Z] <<< [apiv2][status] GET https://storage.googleapis.com/firebase-preview-drop/emulator/ui-v1.14.0.zip 200
[debug] [2024-12-06T15:53:24.026Z] <<< [apiv2][body] GET https://storage.googleapis.com/firebase-preview-drop/emulator/ui-v1.14.0.zip [stream]
[debug] [2024-12-06T15:53:24.674Z] Data is 3615311
[debug] [2024-12-06T15:53:24.675Z] [unzip] Entry: client/ (compressed_size=0 bytes, uncompressed_size=0 bytes)
[debug] [2024-12-06T15:53:24.675Z] [unzip] Processing entry: client/
[debug] [2024-12-06T15:53:24.675Z] [unzip] mkdir: /Users/ingmar/.cache/firebase/emulators/ui-v1.14.0/client/
[debug] [2024-12-06T15:53:24.676Z] [unzip] Entry: client/favicon-16x16.png (compressed_size=293 bytes, uncompressed_size=293 bytes)
[debug] [2024-12-06T15:53:24.676Z] [unzip] Processing entry: client/favicon-16x16.png
[debug] [2024-12-06T15:53:24.676Z] [unzip] else mkdir: /Users/ingmar/.cache/firebase/emulators/ui-v1.14.0/client
[debug] [2024-12-06T15:53:24.676Z] [unzip] Writing file: /Users/ingmar/.cache/firebase/emulators/ui-v1.14.0/client/favicon-16x16.png
[debug] [2024-12-06T15:53:24.677Z] [unzip] Entry: client/safari-pinned-tab.svg (compressed_size=1433 bytes, uncompressed_size=2611 bytes)
[debug] [2024-12-06T15:53:24.677Z] [unzip] Processing entry: client/safari-pinned-tab.svg
[debug] [2024-12-06T15:53:24.678Z] [unzip] else mkdir: /Users/ingmar/.cache/firebase/emulators/ui-v1.14.0/client
[debug] [2024-12-06T15:53:24.678Z] [unzip] deflating: /Users/ingmar/.cache/firebase/emulators/ui-v1.14.0/client/safari-pinned-tab.svg
[debug] [2024-12-06T15:53:24.683Z] [unzip] Entry: client/favicon.ico (compressed_size=2933 bytes, uncompressed_size=13294 bytes)
[debug] [2024-12-06T15:53:24.683Z] [unzip] Processing entry: client/favicon.ico
[debug] [2024-12-06T15:53:24.683Z] [unzip] else mkdir: /Users/ingmar/.cache/firebase/emulators/ui-v1.14.0/client
[debug] [2024-12-06T15:53:24.683Z] [unzip] deflating: /Users/ingmar/.cache/firebase/emulators/ui-v1.14.0/client/favicon.ico
[debug] [2024-12-06T15:53:24.688Z] [unzip] Entry: client/index.html (compressed_size=1363 bytes, uncompressed_size=3071 bytes)
[debug] [2024-12-06T15:53:24.688Z] [unzip] Processing entry: client/index.html
[debug] [2024-12-06T15:53:24.688Z] [unzip] else mkdir: /Users/ingmar/.cache/firebase/emulators/ui-v1.14.0/client
[debug] [2024-12-06T15:53:24.688Z] [unzip] deflating: /Users/ingmar/.cache/firebase/emulators/ui-v1.14.0/client/index.html
[debug] [2024-12-06T15:53:24.691Z] [unzip] Entry: client/android-chrome-192x192.png (compressed_size=2684 bytes, uncompressed_size=2684 bytes)
[debug] [2024-12-06T15:53:24.691Z] [unzip] Processing entry: client/android-chrome-192x192.png
[debug] [2024-12-06T15:53:24.691Z] [unzip] else mkdir: /Users/ingmar/.cache/firebase/emulators/ui-v1.14.0/client
[debug] [2024-12-06T15:53:24.692Z] [unzip] Writing file: /Users/ingmar/.cache/firebase/emulators/ui-v1.14.0/client/android-chrome-192x192.png
[debug] [2024-12-06T15:53:24.692Z] [unzip] Entry: client/apple-touch-icon.png (compressed_size=2123 bytes, uncompressed_size=2152 bytes)
[debug] [2024-12-06T15:53:24.692Z] [unzip] Processing entry: client/apple-touch-icon.png
[debug] [2024-12-06T15:53:24.692Z] [unzip] else mkdir: /Users/ingmar/.cache/firebase/emulators/ui-v1.14.0/client
[debug] [2024-12-06T15:53:24.692Z] [unzip] deflating: /Users/ingmar/.cache/firebase/emulators/ui-v1.14.0/client/apple-touch-icon.png
[debug] [2024-12-06T15:53:24.694Z] [unzip] Entry: client/android-chrome-512x512.png (compressed_size=5369 bytes, uncompressed_size=5411 bytes)
[debug] [2024-12-06T15:53:24.694Z] [unzip] Processing entry: client/android-chrome-512x512.png
[debug] [2024-12-06T15:53:24.694Z] [unzip] else mkdir: /Users/ingmar/.cache/firebase/emulators/ui-v1.14.0/client
[debug] [2024-12-06T15:53:24.694Z] [unzip] deflating: /Users/ingmar/.cache/firebase/emulators/ui-v1.14.0/client/android-chrome-512x512.png
[debug] [2024-12-06T15:53:24.695Z] [unzip] Entry: client/manifest.json (compressed_size=245 bytes, uncompressed_size=551 bytes)
[debug] [2024-12-06T15:53:24.695Z] [unzip] Processing entry: client/manifest.json
[debug] [2024-12-06T15:53:24.695Z] [unzip] else mkdir: /Users/ingmar/.cache/firebase/emulators/ui-v1.14.0/client
[debug] [2024-12-06T15:53:24.695Z] [unzip] deflating: /Users/ingmar/.cache/firebase/emulators/ui-v1.14.0/client/manifest.json
[debug] [2024-12-06T15:53:24.698Z] [unzip] Entry: client/robots.txt (compressed_size=26 bytes, uncompressed_size=26 bytes)
[debug] [2024-12-06T15:53:24.699Z] [unzip] Processing entry: client/robots.txt
[debug] [2024-12-06T15:53:24.699Z] [unzip] else mkdir: /Users/ingmar/.cache/firebase/emulators/ui-v1.14.0/client
[debug] [2024-12-06T15:53:24.699Z] [unzip] Writing file: /Users/ingmar/.cache/firebase/emulators/ui-v1.14.0/client/robots.txt
[debug] [2024-12-06T15:53:24.699Z] [unzip] Entry: client/mstile-150x150.png (compressed_size=2034 bytes, uncompressed_size=2034 bytes)
[debug] [2024-12-06T15:53:24.699Z] [unzip] Processing entry: client/mstile-150x150.png
[debug] [2024-12-06T15:53:24.699Z] [unzip] else mkdir: /Users/ingmar/.cache/firebase/emulators/ui-v1.14.0/client
[debug] [2024-12-06T15:53:24.699Z] [unzip] Writing file: /Users/ingmar/.cache/firebase/emulators/ui-v1.14.0/client/mstile-150x150.png
[debug] [2024-12-06T15:53:24.699Z] [unzip] Entry: client/assets/ (compressed_size=0 bytes, uncompressed_size=0 bytes)
[debug] [2024-12-06T15:53:24.699Z] [unzip] Processing entry: client/assets/
[debug] [2024-12-06T15:53:24.699Z] [unzip] mkdir: /Users/ingmar/.cache/firebase/emulators/ui-v1.14.0/client/assets/
[debug] [2024-12-06T15:53:24.700Z] [unzip] Entry: client/assets/index-ClZTY_JS.js.map (compressed_size=2328270 bytes, uncompressed_size=9947004 bytes)
[debug] [2024-12-06T15:53:24.700Z] [unzip] Processing entry: client/assets/index-ClZTY_JS.js.map
[debug] [2024-12-06T15:53:24.700Z] [unzip] else mkdir: /Users/ingmar/.cache/firebase/emulators/ui-v1.14.0/client/assets
[debug] [2024-12-06T15:53:24.700Z] [unzip] deflating: /Users/ingmar/.cache/firebase/emulators/ui-v1.14.0/client/assets/index-ClZTY_JS.js.map
[debug] [2024-12-06T15:53:24.738Z] [unzip] Entry: client/assets/index-ClZTY_JS.js (compressed_size=567195 bytes, uncompressed_size=2035940 bytes)
[debug] [2024-12-06T15:53:24.738Z] [unzip] Processing entry: client/assets/index-ClZTY_JS.js
[debug] [2024-12-06T15:53:24.738Z] [unzip] else mkdir: /Users/ingmar/.cache/firebase/emulators/ui-v1.14.0/client/assets
[debug] [2024-12-06T15:53:24.738Z] [unzip] deflating: /Users/ingmar/.cache/firebase/emulators/ui-v1.14.0/client/assets/index-ClZTY_JS.js
[debug] [2024-12-06T15:53:24.750Z] [unzip] Entry: client/assets/index-BdgySamB.css (compressed_size=35979 bytes, uncompressed_size=298654 bytes)
[debug] [2024-12-06T15:53:24.750Z] [unzip] Processing entry: client/assets/index-BdgySamB.css
[debug] [2024-12-06T15:53:24.750Z] [unzip] else mkdir: /Users/ingmar/.cache/firebase/emulators/ui-v1.14.0/client/assets
[debug] [2024-12-06T15:53:24.751Z] [unzip] deflating: /Users/ingmar/.cache/firebase/emulators/ui-v1.14.0/client/assets/index-BdgySamB.css
[debug] [2024-12-06T15:53:24.757Z] [unzip] Entry: client/assets/extensions/ (compressed_size=0 bytes, uncompressed_size=0 bytes)
[debug] [2024-12-06T15:53:24.758Z] [unzip] Processing entry: client/assets/extensions/
[debug] [2024-12-06T15:53:24.758Z] [unzip] mkdir: /Users/ingmar/.cache/firebase/emulators/ui-v1.14.0/client/assets/extensions/
[debug] [2024-12-06T15:53:24.758Z] [unzip] Entry: client/assets/extensions/default-extension.png (compressed_size=1646 bytes, uncompressed_size=1657 bytes)
[debug] [2024-12-06T15:53:24.758Z] [unzip] Processing entry: client/assets/extensions/default-extension.png
[debug] [2024-12-06T15:53:24.758Z] [unzip] else mkdir: /Users/ingmar/.cache/firebase/emulators/ui-v1.14.0/client/assets/extensions
[debug] [2024-12-06T15:53:24.758Z] [unzip] deflating: /Users/ingmar/.cache/firebase/emulators/ui-v1.14.0/client/assets/extensions/default-extension.png
[debug] [2024-12-06T15:53:24.763Z] [unzip] Entry: client/assets/img/ (compressed_size=0 bytes, uncompressed_size=0 bytes)
[debug] [2024-12-06T15:53:24.763Z] [unzip] Processing entry: client/assets/img/
[debug] [2024-12-06T15:53:24.763Z] [unzip] mkdir: /Users/ingmar/.cache/firebase/emulators/ui-v1.14.0/client/assets/img/
[debug] [2024-12-06T15:53:24.763Z] [unzip] Entry: client/assets/img/database.png (compressed_size=29449 bytes, uncompressed_size=29988 bytes)
[debug] [2024-12-06T15:53:24.763Z] [unzip] Processing entry: client/assets/img/database.png
[debug] [2024-12-06T15:53:24.763Z] [unzip] else mkdir: /Users/ingmar/.cache/firebase/emulators/ui-v1.14.0/client/assets/img
[debug] [2024-12-06T15:53:24.763Z] [unzip] deflating: /Users/ingmar/.cache/firebase/emulators/ui-v1.14.0/client/assets/img/database.png
[debug] [2024-12-06T15:53:24.769Z] [unzip] Entry: client/assets/provider-icons/ (compressed_size=0 bytes, uncompressed_size=0 bytes)
[debug] [2024-12-06T15:53:24.769Z] [unzip] Processing entry: client/assets/provider-icons/
[debug] [2024-12-06T15:53:24.769Z] [unzip] mkdir: /Users/ingmar/.cache/firebase/emulators/ui-v1.14.0/client/assets/provider-icons/
[debug] [2024-12-06T15:53:24.769Z] [unzip] Entry: client/assets/provider-icons/auth_service_saml.svg (compressed_size=575 bytes, uncompressed_size=1226 bytes)
[debug] [2024-12-06T15:53:24.769Z] [unzip] Processing entry: client/assets/provider-icons/auth_service_saml.svg
[debug] [2024-12-06T15:53:24.769Z] [unzip] else mkdir: /Users/ingmar/.cache/firebase/emulators/ui-v1.14.0/client/assets/provider-icons
[debug] [2024-12-06T15:53:24.769Z] [unzip] deflating: /Users/ingmar/.cache/firebase/emulators/ui-v1.14.0/client/assets/provider-icons/auth_service_saml.svg
[debug] [2024-12-06T15:53:24.770Z] [unzip] Entry: client/assets/provider-icons/auth_service_phone.svg (compressed_size=261 bytes, uncompressed_size=414 bytes)
[debug] [2024-12-06T15:53:24.770Z] [unzip] Processing entry: client/assets/provider-icons/auth_service_phone.svg
[debug] [2024-12-06T15:53:24.770Z] [unzip] else mkdir: /Users/ingmar/.cache/firebase/emulators/ui-v1.14.0/client/assets/provider-icons
[debug] [2024-12-06T15:53:24.770Z] [unzip] deflating: /Users/ingmar/.cache/firebase/emulators/ui-v1.14.0/client/assets/provider-icons/auth_service_phone.svg
[debug] [2024-12-06T15:53:24.774Z] [unzip] Entry: client/assets/provider-icons/auth_service_facebook.svg (compressed_size=289 bytes, uncompressed_size=457 bytes)
[debug] [2024-12-06T15:53:24.774Z] [unzip] Processing entry: client/assets/provider-icons/auth_service_facebook.svg
[debug] [2024-12-06T15:53:24.774Z] [unzip] else mkdir: /Users/ingmar/.cache/firebase/emulators/ui-v1.14.0/client/assets/provider-icons
[debug] [2024-12-06T15:53:24.774Z] [unzip] deflating: /Users/ingmar/.cache/firebase/emulators/ui-v1.14.0/client/assets/provider-icons/auth_service_facebook.svg
[debug] [2024-12-06T15:53:24.776Z] [unzip] Entry: client/assets/provider-icons/auth_service_game_center.svg (compressed_size=991 bytes, uncompressed_size=3921 bytes)
[debug] [2024-12-06T15:53:24.776Z] [unzip] Processing entry: client/assets/provider-icons/auth_service_game_center.svg
[debug] [2024-12-06T15:53:24.776Z] [unzip] else mkdir: /Users/ingmar/.cache/firebase/emulators/ui-v1.14.0/client/assets/provider-icons
[debug] [2024-12-06T15:53:24.776Z] [unzip] deflating: /Users/ingmar/.cache/firebase/emulators/ui-v1.14.0/client/assets/provider-icons/auth_service_game_center.svg
[debug] [2024-12-06T15:53:24.777Z] [unzip] Entry: client/assets/provider-icons/auth_service_apple.svg (compressed_size=230 bytes, uncompressed_size=334 bytes)
[debug] [2024-12-06T15:53:24.777Z] [unzip] Processing entry: client/assets/provider-icons/auth_service_apple.svg
[debug] [2024-12-06T15:53:24.777Z] [unzip] else mkdir: /Users/ingmar/.cache/firebase/emulators/ui-v1.14.0/client/assets/provider-icons
[debug] [2024-12-06T15:53:24.777Z] [unzip] deflating: /Users/ingmar/.cache/firebase/emulators/ui-v1.14.0/client/assets/provider-icons/auth_service_apple.svg
[debug] [2024-12-06T15:53:24.782Z] [unzip] Entry: client/assets/provider-icons/auth_service_github.svg (compressed_size=466 bytes, uncompressed_size=838 bytes)
[debug] [2024-12-06T15:53:24.783Z] [unzip] Processing entry: client/assets/provider-icons/auth_service_github.svg
[debug] [2024-12-06T15:53:24.783Z] [unzip] else mkdir: /Users/ingmar/.cache/firebase/emulators/ui-v1.14.0/client/assets/provider-icons
[debug] [2024-12-06T15:53:24.783Z] [unzip] deflating: /Users/ingmar/.cache/firebase/emulators/ui-v1.14.0/client/assets/provider-icons/auth_service_github.svg
[debug] [2024-12-06T15:53:24.784Z] [unzip] Entry: client/assets/provider-icons/auth_service_mslive.svg (compressed_size=203 bytes, uncompressed_size=378 bytes)
[debug] [2024-12-06T15:53:24.784Z] [unzip] Processing entry: client/assets/provider-icons/auth_service_mslive.svg
[debug] [2024-12-06T15:53:24.784Z] [unzip] else mkdir: /Users/ingmar/.cache/firebase/emulators/ui-v1.14.0/client/assets/provider-icons
[debug] [2024-12-06T15:53:24.784Z] [unzip] deflating: /Users/ingmar/.cache/firebase/emulators/ui-v1.14.0/client/assets/provider-icons/auth_service_mslive.svg
[debug] [2024-12-06T15:53:24.784Z] [unzip] Entry: client/assets/provider-icons/auth_service_yahoo.svg (compressed_size=577 bytes, uncompressed_size=1182 bytes)
[debug] [2024-12-06T15:53:24.784Z] [unzip] Processing entry: client/assets/provider-icons/auth_service_yahoo.svg
[debug] [2024-12-06T15:53:24.784Z] [unzip] else mkdir: /Users/ingmar/.cache/firebase/emulators/ui-v1.14.0/client/assets/provider-icons
[debug] [2024-12-06T15:53:24.784Z] [unzip] deflating: /Users/ingmar/.cache/firebase/emulators/ui-v1.14.0/client/assets/provider-icons/auth_service_yahoo.svg
[debug] [2024-12-06T15:53:24.784Z] [unzip] Entry: client/assets/provider-icons/auth_service_twitter.svg (compressed_size=444 bytes, uncompressed_size=751 bytes)
[debug] [2024-12-06T15:53:24.784Z] [unzip] Processing entry: client/assets/provider-icons/auth_service_twitter.svg
[debug] [2024-12-06T15:53:24.784Z] [unzip] else mkdir: /Users/ingmar/.cache/firebase/emulators/ui-v1.14.0/client/assets/provider-icons
[debug] [2024-12-06T15:53:24.785Z] [unzip] deflating: /Users/ingmar/.cache/firebase/emulators/ui-v1.14.0/client/assets/provider-icons/auth_service_twitter.svg
[debug] [2024-12-06T15:53:24.785Z] [unzip] Entry: client/assets/provider-icons/auth_service_play_games.svg (compressed_size=565 bytes, uncompressed_size=1173 bytes)
[debug] [2024-12-06T15:53:24.785Z] [unzip] Processing entry: client/assets/provider-icons/auth_service_play_games.svg
[debug] [2024-12-06T15:53:24.785Z] [unzip] else mkdir: /Users/ingmar/.cache/firebase/emulators/ui-v1.14.0/client/assets/provider-icons
[debug] [2024-12-06T15:53:24.785Z] [unzip] deflating: /Users/ingmar/.cache/firebase/emulators/ui-v1.14.0/client/assets/provider-icons/auth_service_play_games.svg
[debug] [2024-12-06T15:53:24.785Z] [unzip] Entry: client/assets/provider-icons/auth_service_email.svg (compressed_size=228 bytes, uncompressed_size=326 bytes)
[debug] [2024-12-06T15:53:24.785Z] [unzip] Processing entry: client/assets/provider-icons/auth_service_email.svg
[debug] [2024-12-06T15:53:24.785Z] [unzip] else mkdir: /Users/ingmar/.cache/firebase/emulators/ui-v1.14.0/client/assets/provider-icons
[debug] [2024-12-06T15:53:24.785Z] [unzip] deflating: /Users/ingmar/.cache/firebase/emulators/ui-v1.14.0/client/assets/provider-icons/auth_service_email.svg
[debug] [2024-12-06T15:53:24.786Z] [unzip] Entry: client/assets/provider-icons/auth_service_google.svg (compressed_size=409 bytes, uncompressed_size=720 bytes)
[debug] [2024-12-06T15:53:24.786Z] [unzip] Processing entry: client/assets/provider-icons/auth_service_google.svg
[debug] [2024-12-06T15:53:24.786Z] [unzip] else mkdir: /Users/ingmar/.cache/firebase/emulators/ui-v1.14.0/client/assets/provider-icons
[debug] [2024-12-06T15:53:24.786Z] [unzip] deflating: /Users/ingmar/.cache/firebase/emulators/ui-v1.14.0/client/assets/provider-icons/auth_service_google.svg
[debug] [2024-12-06T15:53:24.792Z] [unzip] Entry: client/assets/provider-icons/auth_service_oidc.svg (compressed_size=414 bytes, uncompressed_size=858 bytes)
[debug] [2024-12-06T15:53:24.792Z] [unzip] Processing entry: client/assets/provider-icons/auth_service_oidc.svg
[debug] [2024-12-06T15:53:24.792Z] [unzip] else mkdir: /Users/ingmar/.cache/firebase/emulators/ui-v1.14.0/client/assets/provider-icons
[debug] [2024-12-06T15:53:24.792Z] [unzip] deflating: /Users/ingmar/.cache/firebase/emulators/ui-v1.14.0/client/assets/provider-icons/auth_service_oidc.svg
[debug] [2024-12-06T15:53:24.793Z] [unzip] Entry: client/browserconfig.xml (compressed_size=491 bytes, uncompressed_size=822 bytes)
[debug] [2024-12-06T15:53:24.793Z] [unzip] Processing entry: client/browserconfig.xml
[debug] [2024-12-06T15:53:24.793Z] [unzip] else mkdir: /Users/ingmar/.cache/firebase/emulators/ui-v1.14.0/client
[debug] [2024-12-06T15:53:24.793Z] [unzip] deflating: /Users/ingmar/.cache/firebase/emulators/ui-v1.14.0/client/browserconfig.xml
[debug] [2024-12-06T15:53:24.793Z] [unzip] Entry: client/favicon-32x32.png (compressed_size=475 bytes, uncompressed_size=475 bytes)
[debug] [2024-12-06T15:53:24.793Z] [unzip] Processing entry: client/favicon-32x32.png
[debug] [2024-12-06T15:53:24.793Z] [unzip] else mkdir: /Users/ingmar/.cache/firebase/emulators/ui-v1.14.0/client
[debug] [2024-12-06T15:53:24.793Z] [unzip] Writing file: /Users/ingmar/.cache/firebase/emulators/ui-v1.14.0/client/favicon-32x32.png
[debug] [2024-12-06T15:53:24.794Z] [unzip] Entry: server/ (compressed_size=0 bytes, uncompressed_size=0 bytes)
[debug] [2024-12-06T15:53:24.794Z] [unzip] Processing entry: server/
[debug] [2024-12-06T15:53:24.794Z] [unzip] mkdir: /Users/ingmar/.cache/firebase/emulators/ui-v1.14.0/server/
[debug] [2024-12-06T15:53:24.794Z] [unzip] Entry: server/server.mjs.map (compressed_size=296496 bytes, uncompressed_size=1355667 bytes)
[debug] [2024-12-06T15:53:24.794Z] [unzip] Processing entry: server/server.mjs.map
[debug] [2024-12-06T15:53:24.794Z] [unzip] else mkdir: /Users/ingmar/.cache/firebase/emulators/ui-v1.14.0/server
[debug] [2024-12-06T15:53:24.794Z] [unzip] deflating: /Users/ingmar/.cache/firebase/emulators/ui-v1.14.0/server/server.mjs.map
[debug] [2024-12-06T15:53:24.798Z] [unzip] Entry: server/server.mjs (compressed_size=315701 bytes, uncompressed_size=1172682 bytes)
[debug] [2024-12-06T15:53:24.798Z] [unzip] Processing entry: server/server.mjs
[debug] [2024-12-06T15:53:24.798Z] [unzip] else mkdir: /Users/ingmar/.cache/firebase/emulators/ui-v1.14.0/server
[debug] [2024-12-06T15:53:24.798Z] [unzip] deflating: /Users/ingmar/.cache/firebase/emulators/ui-v1.14.0/server/server.mjs
[debug] [2024-12-06T15:53:24.821Z] [unzip] Entry: server/assets/ (compressed_size=0 bytes, uncompressed_size=0 bytes)
[debug] [2024-12-06T15:53:24.821Z] [unzip] Processing entry: server/assets/
[debug] [2024-12-06T15:53:24.821Z] [unzip] mkdir: /Users/ingmar/.cache/firebase/emulators/ui-v1.14.0/server/assets/
[debug] [2024-12-06T15:53:24.821Z] [unzip] Entry: server/assets/multipart-parser-DGCUZdXu.mjs.map (compressed_size=4791 bytes, uncompressed_size=17918 bytes)
[debug] [2024-12-06T15:53:24.821Z] [unzip] Processing entry: server/assets/multipart-parser-DGCUZdXu.mjs.map
[debug] [2024-12-06T15:53:24.821Z] [unzip] else mkdir: /Users/ingmar/.cache/firebase/emulators/ui-v1.14.0/server/assets
[debug] [2024-12-06T15:53:24.822Z] [unzip] deflating: /Users/ingmar/.cache/firebase/emulators/ui-v1.14.0/server/assets/multipart-parser-DGCUZdXu.mjs.map
[debug] [2024-12-06T15:53:24.823Z] [unzip] Entry: server/assets/multipart-parser-DGCUZdXu.mjs (compressed_size=2621 bytes, uncompressed_size=10390 bytes)
[debug] [2024-12-06T15:53:24.823Z] [unzip] Processing entry: server/assets/multipart-parser-DGCUZdXu.mjs
[debug] [2024-12-06T15:53:24.823Z] [unzip] else mkdir: /Users/ingmar/.cache/firebase/emulators/ui-v1.14.0/server/assets
[debug] [2024-12-06T15:53:24.823Z] [unzip] deflating: /Users/ingmar/.cache/firebase/emulators/ui-v1.14.0/server/assets/multipart-parser-DGCUZdXu.mjs
[debug] [2024-12-06T15:53:24.830Z] >>> [apiv2][query] PUT http://127.0.0.1:9000/.settings/rules.json ns=task-effort-apach-default-rtdb
[debug] [2024-12-06T15:53:24.830Z] >>> [apiv2][body] PUT http://127.0.0.1:9000/.settings/rules.json "{\n  \"rules\": {\n    \".read\": \"auth != null\",\n    \".write\": \"auth != null\"\n  }\n}"
[debug] [2024-12-06T15:53:25.036Z] 16:53:25.035 [NamespaceSystem-akka.actor.default-dispatcher-5] INFO com.firebase.core.namespace.NamespaceActor - task-effort-apach-default-rtdb successfully activated FBKV (SurveyIdle(0)) wait: 77ms, init: 0ms
 {"metadata":{"emulator":{"name":"database"},"message":"16:53:25.035 [NamespaceSystem-akka.actor.default-dispatcher-5] INFO com.firebase.core.namespace.NamespaceActor - task-effort-apach-default-rtdb successfully activated FBKV (SurveyIdle(0)) wait: 77ms, init: 0ms\n"}}
[debug] [2024-12-06T15:53:25.067Z] 16:53:25.067 [NamespaceSystem-blocking-namespace-operation-dispatcher-7] INFO com.firebase.core.namespace.StateManager - Namespace task-effort-apach-default-rtdb status Active to Active
 {"metadata":{"emulator":{"name":"database"},"message":"16:53:25.067 [NamespaceSystem-blocking-namespace-operation-dispatcher-7] INFO com.firebase.core.namespace.StateManager - Namespace task-effort-apach-default-rtdb status Active to Active\n"}}
[debug] [2024-12-06T15:53:25.090Z] <<< [apiv2][status] PUT http://127.0.0.1:9000/.settings/rules.json 200
[debug] [2024-12-06T15:53:25.091Z] <<< [apiv2][body] PUT http://127.0.0.1:9000/.settings/rules.json {"status":"ok"}
[debug] [2024-12-06T15:53:25.091Z] >>> [apiv2][query] GET http://127.0.0.1:9399/emulator/info [none]
[debug] [2024-12-06T15:53:25.102Z] <<< [apiv2][status] GET http://127.0.0.1:9399/emulator/info 200
[debug] [2024-12-06T15:53:25.103Z] <<< [apiv2][body] GET http://127.0.0.1:9399/emulator/info {"version":"","services":[{"serviceId":"task-effort","connectionString":"dbname='fdcdb' host='127.0.0.1' port='5432' sslmode='disable' dbname='fdcdb'"}]}
[info] 
┌─────────────────────────────────────────────────────────────┐
│ ✔  All emulators ready! It is now safe to connect your app. │
│ i  View Emulator UI at http://127.0.0.1:4000/               │
└─────────────────────────────────────────────────────────────┘

┌──────────────┬────────────────┬─────────────────────────────────┐
│ Emulator     │ Host:Port      │ View in Emulator UI             │
├──────────────┼────────────────┼─────────────────────────────────┤
│ Firestore    │ 127.0.0.1:8080 │ http://127.0.0.1:4000/firestore │
├──────────────┼────────────────┼─────────────────────────────────┤
│ Database     │ 127.0.0.1:9000 │ http://127.0.0.1:4000/database  │
├──────────────┼────────────────┼─────────────────────────────────┤
│ Hosting      │ 127.0.0.1:5002 │ n/a                             │
├──────────────┼────────────────┼─────────────────────────────────┤
│ Data Connect │ 127.0.0.1:9399 │ n/a                             │
└──────────────┴────────────────┴─────────────────────────────────┘
  Emulator Hub running at 127.0.0.1:4400
  Other reserved ports: 4500, 9150

Issues? Report them at https://github.com/firebase/firebase-tools/issues and attach the *-debug.log files.
 
